0 info it worked if it ends with ok
1 verbose cli [ '/usr/local/bin/node',
1 verbose cli   '/usr/local/bin/npm',
1 verbose cli   'install',
1 verbose cli   'bison',
1 verbose cli   '-g' ]
2 info using npm@3.10.5
3 info using node@v4.4.7
4 silly loadCurrentTree Starting
5 silly install loadCurrentTree
6 silly install readGlobalPackageData
7 silly fetchPackageMetaData bison
8 silly fetchNamedPackageData bison
9 silly mapToRegistry name bison
10 silly mapToRegistry using default registry
11 silly mapToRegistry registry https://registry.npmjs.org/
12 silly mapToRegistry data Result {
12 silly mapToRegistry   raw: 'bison',
12 silly mapToRegistry   scope: null,
12 silly mapToRegistry   escapedName: 'bison',
12 silly mapToRegistry   name: 'bison',
12 silly mapToRegistry   rawSpec: '',
12 silly mapToRegistry   spec: 'latest',
12 silly mapToRegistry   type: 'tag' }
13 silly mapToRegistry uri https://registry.npmjs.org/bison
14 verbose get https://registry.npmjs.org/bison not expired, no request
15 silly install normalizeTree
16 silly loadCurrentTree Finishing
17 silly loadIdealTree Starting
18 silly install loadIdealTree
19 silly cloneCurrentTree Starting
20 silly install cloneCurrentTreeToIdealTree
21 silly cloneCurrentTree Finishing
22 silly loadShrinkwrap Starting
23 silly install loadShrinkwrap
24 silly loadShrinkwrap Finishing
25 silly loadAllDepsIntoIdealTree Starting
26 silly install loadAllDepsIntoIdealTree
27 silly resolveWithNewModule bison@1.1.1 checking installable status
28 silly cache add args [ 'bison', null ]
29 verbose cache add spec bison
30 silly cache add parsed spec Result {
30 silly cache add   raw: 'bison',
30 silly cache add   scope: null,
30 silly cache add   escapedName: 'bison',
30 silly cache add   name: 'bison',
30 silly cache add   rawSpec: '',
30 silly cache add   spec: 'latest',
30 silly cache add   type: 'tag' }
31 silly addNamed bison@latest
32 verbose addNamed "latest" is being treated as a dist-tag for bison
33 info addNameTag [ 'bison', 'latest' ]
34 silly mapToRegistry name bison
35 silly mapToRegistry using default registry
36 silly mapToRegistry registry https://registry.npmjs.org/
37 silly mapToRegistry data Result {
37 silly mapToRegistry   raw: 'bison',
37 silly mapToRegistry   scope: null,
37 silly mapToRegistry   escapedName: 'bison',
37 silly mapToRegistry   name: 'bison',
37 silly mapToRegistry   rawSpec: '',
37 silly mapToRegistry   spec: 'latest',
37 silly mapToRegistry   type: 'tag' }
38 silly mapToRegistry uri https://registry.npmjs.org/bison
39 verbose addNameTag registry:https://registry.npmjs.org/bison not in flight; fetching
40 verbose get https://registry.npmjs.org/bison not expired, no request
41 silly addNameTag next cb for bison with tag latest
42 silly addNamed bison@1.1.1
43 verbose addNamed "1.1.1" is a plain semver version for bison
44 silly cache afterAdd bison@1.1.1
45 verbose afterAdd /Users/kevineugeneong/.npm/bison/1.1.1/package/package.json not in flight; writing
46 verbose correctMkdir /Users/kevineugeneong/.npm correctMkdir not in flight; initializing
47 verbose afterAdd /Users/kevineugeneong/.npm/bison/1.1.1/package/package.json written
48 silly loadAllDepsIntoIdealTree Finishing
49 silly loadIdealTree Finishing
50 silly currentTree lib
50 silly currentTree └── bison@1.1.1
51 silly idealTree lib
51 silly idealTree └── bison@1.1.1
52 silly generateActionsToTake Starting
53 silly install generateActionsToTake
54 warn checkPermissions Missing write access to /usr/local/lib/node_modules/bison
55 warn checkPermissions Missing write access to /usr/local/lib/node_modules
56 silly rollbackFailedOptional Starting
57 silly rollbackFailedOptional Finishing
58 silly runTopLevelLifecycles Starting
59 silly runTopLevelLifecycles Finishing
60 silly install printInstalled
61 verbose stack Error: EACCES: permission denied, access '/usr/local/lib/node_modules/bison'
61 verbose stack     at Error (native)
62 verbose cwd /Users/kevineugeneong/Desktop/SitePoint/fullstack_MEAN/app2
63 error Darwin 15.6.0
64 error argv "/usr/local/bin/node" "/usr/local/bin/npm" "install" "bison" "-g"
65 error node v4.4.7
66 error npm  v3.10.5
67 error path /usr/local/lib/node_modules/bison
68 error code EACCES
69 error errno -13
70 error syscall access
71 error Error: EACCES: permission denied, access '/usr/local/lib/node_modules/bison'
71 error     at Error (native)
71 error  { [Error: EACCES: permission denied, access '/usr/local/lib/node_modules/bison']
71 error   errno: -13,
71 error   code: 'EACCES',
71 error   syscall: 'access',
71 error   path: '/usr/local/lib/node_modules/bison' }
72 error Please try running this command again as root/Administrator.
73 verbose exit [ -13, true ]
